<?xml version="1.0" encoding="UTF-8"?>
<testsuite xmlns:xsi="http://www.w3.org/2001/XMLSchema-instance" xsi:noNamespaceSchemaLocation="https://maven.apache.org/surefire/maven-surefire-plugin/xsd/surefire-test-report.xsd" name="org.example.CalcTest" time="0.012" tests="1" errors="0" skipped="0" failures="0">
  <properties>
    <property name="java.specification.version" value="22"/>
    <property name="sun.cpu.isalist" value="amd64"/>
    <property name="sun.jnu.encoding" value="GBK"/>
    <property name="java.class.path" value="D:\thirdyear-junior\159251\tut4\tutorial4\target\test-classes;D:\thirdyear-junior\159251\tut4\tutorial4\target\classes;C:\Users\wxy\.m2\repository\org\junit\jupiter\junit-jupiter-engine\5.4.0\junit-jupiter-engine-5.4.0.jar;C:\Users\wxy\.m2\repository\org\apiguardian\apiguardian-api\1.0.0\apiguardian-api-1.0.0.jar;C:\Users\wxy\.m2\repository\org\junit\platform\junit-platform-engine\1.4.0\junit-platform-engine-1.4.0.jar;C:\Users\wxy\.m2\repository\org\opentest4j\opentest4j\1.1.1\opentest4j-1.1.1.jar;C:\Users\wxy\.m2\repository\org\junit\platform\junit-platform-commons\1.4.0\junit-platform-commons-1.4.0.jar;C:\Users\wxy\.m2\repository\org\junit\jupiter\junit-jupiter-api\5.4.0\junit-jupiter-api-5.4.0.jar;C:\Users\wxy\.m2\repository\org\junit\jupiter\junit-jupiter\5.11.2\junit-jupiter-5.11.2.jar;C:\Users\wxy\.m2\repository\org\junit\jupiter\junit-jupiter-params\5.11.2\junit-jupiter-params-5.11.2.jar;"/>
    <property name="java.vm.vendor" value="Oracle Corporation"/>
    <property name="sun.arch.data.model" value="64"/>
    <property name="user.variant" value=""/>
    <property name="java.vendor.url" value="https://java.oracle.com/"/>
    <property name="user.timezone" value="Asia/Shanghai"/>
    <property name="os.name" value="Windows 11"/>
    <property name="java.vm.specification.version" value="22"/>
    <property name="sun.java.launcher" value="SUN_STANDARD"/>
    <property name="user.country" value="CN"/>
    <property name="sun.boot.library.path" value="D:\apps\Java\javaJDK\bin"/>
    <property name="sun.java.command" value="C:\Users\wxy\AppData\Local\Temp\surefire12932690354542013134\surefirebooter16968282771385529686.jar C:\Users\wxy\AppData\Local\Temp\surefire12932690354542013134 2024-10-09T13-42-20_840-jvmRun1 surefire1786173159027045638tmp surefire_06273513310935226581tmp"/>
    <property name="jdk.debug" value="release"/>
    <property name="surefire.test.class.path" value="D:\thirdyear-junior\159251\tut4\tutorial4\target\test-classes;D:\thirdyear-junior\159251\tut4\tutorial4\target\classes;C:\Users\wxy\.m2\repository\org\junit\jupiter\junit-jupiter-engine\5.4.0\junit-jupiter-engine-5.4.0.jar;C:\Users\wxy\.m2\repository\org\apiguardian\apiguardian-api\1.0.0\apiguardian-api-1.0.0.jar;C:\Users\wxy\.m2\repository\org\junit\platform\junit-platform-engine\1.4.0\junit-platform-engine-1.4.0.jar;C:\Users\wxy\.m2\repository\org\opentest4j\opentest4j\1.1.1\opentest4j-1.1.1.jar;C:\Users\wxy\.m2\repository\org\junit\platform\junit-platform-commons\1.4.0\junit-platform-commons-1.4.0.jar;C:\Users\wxy\.m2\repository\org\junit\jupiter\junit-jupiter-api\5.4.0\junit-jupiter-api-5.4.0.jar;C:\Users\wxy\.m2\repository\org\junit\jupiter\junit-jupiter\5.11.2\junit-jupiter-5.11.2.jar;C:\Users\wxy\.m2\repository\org\junit\jupiter\junit-jupiter-params\5.11.2\junit-jupiter-params-5.11.2.jar;"/>
    <property name="sun.cpu.endian" value="little"/>
    <property name="user.home" value="C:\Users\wxy"/>
    <property name="user.language" value="zh"/>
    <property name="java.specification.vendor" value="Oracle Corporation"/>
    <property name="java.version.date" value="2024-07-16"/>
    <property name="java.home" value="D:\apps\Java\javaJDK"/>
    <property name="file.separator" value="\"/>
    <property name="basedir" value="D:\thirdyear-junior\159251\tut4\tutorial4"/>
    <property name="java.vm.compressedOopsMode" value="Zero based"/>
    <property name="line.separator" value="&#10;"/>
    <property name="java.vm.specification.vendor" value="Oracle Corporation"/>
    <property name="java.specification.name" value="Java Platform API Specification"/>
    <property name="surefire.real.class.path" value="C:\Users\wxy\AppData\Local\Temp\surefire12932690354542013134\surefirebooter16968282771385529686.jar"/>
    <property name="user.script" value=""/>
    <property name="sun.management.compiler" value="HotSpot 64-Bit Tiered Compilers"/>
    <property name="java.runtime.version" value="22.0.2+9-70"/>
    <property name="user.name" value="wxy"/>
    <property name="stdout.encoding" value="GBK"/>
    <property name="path.separator" value=";"/>
    <property name="os.version" value="10.0"/>
    <property name="java.runtime.name" value="Java(TM) SE Runtime Environment"/>
    <property name="file.encoding" value="UTF-8"/>
    <property name="java.vm.name" value="Java HotSpot(TM) 64-Bit Server VM"/>
    <property name="localRepository" value="C:\Users\wxy\.m2\repository"/>
    <property name="java.vendor.url.bug" value="https://bugreport.java.com/bugreport/"/>
    <property name="java.io.tmpdir" value="C:\Users\wxy\AppData\Local\Temp\"/>
    <property name="java.version" value="22.0.2"/>
    <property name="user.dir" value="D:\thirdyear-junior\159251\tut4\tutorial4"/>
    <property name="os.arch" value="amd64"/>
    <property name="java.vm.specification.name" value="Java Virtual Machine Specification"/>
    <property name="sun.os.patch.level" value=""/>
    <property name="native.encoding" value="GBK"/>
    <property name="java.library.path" value="D:\apps\Java\javaJDK\bin;C:\windows\Sun\Java\bin;C:\windows\system32;C:\windows;C:\Users\wxy\bin;D:\apps\Git\Git\mingw64\bin;D:\apps\Git\Git\usr\local\bin;D:\apps\Git\Git\usr\bin;D:\apps\Git\Git\usr\bin;D:\apps\Git\Git\mingw64\bin;D:\apps\Git\Git\usr\bin;C:\Users\wxy\bin;%JAVA_HOME%\bin;%JAVA_HOME%\jre\bin;C:\Program Files\Common Files\Oracle\Java\javapath;C:\windows\system32;C:\windows;C:\windows\System32\Wbem;C:\windows\System32\WindowsPowerShell\v1.0;C:\windows\System32\OpenSSH;D:\apps\Git\Git\cmd;D:\apps\vscode\Microsoft VS Code\bin;C:\Program Files\Microsoft SQL Server\150\Tools\Binn;C:\Program Files\Microsoft SQL Server\Client SDK\ODBC\170\Tools\Binn;C:\Program Files\dotnet;C:\Users\wxy\AppData\Local\Microsoft\WindowsApps;D:\apps\IDEA\IntelliJ IDEA 2023.3.4\bin;C:\Program Files\JetBrains\IntelliJ IDEA Community Edition 2024.1.3\bin;D:\thirdyear-junior\Maven\apache-maven-3.6.3\bin;C:\Users\wxy\.dotnet\tools;D:\apps\Git\Git\usr\bin\vendor_perl;D:\apps\Git\Git\usr\bin\core_perl;."/>
    <property name="java.vm.info" value="mixed mode, sharing"/>
    <property name="stderr.encoding" value="GBK"/>
    <property name="java.vendor" value="Oracle Corporation"/>
    <property name="java.vm.version" value="22.0.2+9-70"/>
    <property name="sun.io.unicode.encoding" value="UnicodeLittle"/>
    <property name="java.class.version" value="66.0"/>
  </properties>
  <testcase name="testAddition" classname="org.example.CalcTest" time="0.009"/>
</testsuite>